# JRE version: OpenJDK Runtime Environment (21.0.6) (build 21.0.6+-13368085-b895.109)
# Java VM: OpenJDK 64-Bit Server VM (21.0.6+-13368085-b895.109, mixed mode, tiered, compressed oops, compressed class ptrs, g1 gc, windows-amd64)
GC Precious Log:
 CardTable entry size: 512
 Card Set container configuration: InlinePtr #cards 5 size 8 Array Of Cards #cards 12 size 40 Howl #buckets 4 coarsen threshold 1843 Howl Bitmap #cards 512 size 80 coarsen threshold 460 Card regions per heap region 1 cards per card region 2048
 CPUs: 8 total, 8 available
 Memory: 5965M
 Large Page Support: Disabled
 NUMA Support: Disabled
 Compressed Oops: Enabled (32-bit)
 Heap Region Size: 1M
 Heap Min Capacity: 8M
 Heap Initial Capacity: 94M
 Heap Max Capacity: 2G
 Pre-touch: Disabled
 Parallel Workers: 8
 Concurrent Workers: 2
 Concurrent Refinement Workers: 8
 Periodic GC: Disabled
Heap:
 garbage-first heap   total 398336K, used 259611K [0x0000000080000000, 0x0000000100000000)
  region size 1024K, 7 young (7168K), 7 survivors (7168K)
 Metaspace       used 130155K, committed 132416K, reserved 1179648K
  class space    used 17778K, committed 18880K, reserved 1048576K
GC Heap History (20 events):
Event: 21.917 GC heap after
{Heap after GC invocations=45 (full 0):
 garbage-first heap   total 189440K, used 115285K [0x0000000080000000, 0x0000000100000000)
  region size 1024K, 5 young (5120K), 5 survivors (5120K)
 Metaspace       used 116328K, committed 118528K, reserved 1179648K
  class space    used 15695K, committed 16768K, reserved 1048576K
}
Event: 22.549 GC heap before
{Heap before GC invocations=45 (full 0):
 garbage-first heap   total 189440K, used 171605K [0x0000000080000000, 0x0000000100000000)
  region size 1024K, 61 young (62464K), 5 survivors (5120K)
 Metaspace       used 116537K, committed 118720K, reserved 1179648K
  class space    used 15721K, committed 16768K, reserved 1048576K
}
Event: 22.554 GC heap after
{Heap after GC invocations=46 (full 0):
 garbage-first heap   total 189440K, used 115391K [0x0000000080000000, 0x0000000100000000)
  region size 1024K, 5 young (5120K), 5 survivors (5120K)
 Metaspace       used 116537K, committed 118720K, reserved 1179648K
  class space    used 15721K, committed 16768K, reserved 1048576K
}
Event: 23.015 GC heap before
{Heap before GC invocations=46 (full 0):
 garbage-first heap   total 189440K, used 171711K [0x0000000080000000, 0x0000000100000000)
  region size 1024K, 61 young (62464K), 5 survivors (5120K)
 Metaspace       used 117178K, committed 119360K, reserved 1179648K
  class space    used 15819K, committed 16896K, reserved 1048576K
}
Event: 23.022 GC heap after
{Heap after GC invocations=47 (full 0):
 garbage-first heap   total 189440K, used 117944K [0x0000000080000000, 0x0000000100000000)
  region size 1024K, 5 young (5120K), 5 survivors (5120K)
 Metaspace       used 117178K, committed 119360K, reserved 1179648K
  class space    used 15819K, committed 16896K, reserved 1048576K
}
Event: 23.380 GC heap before
{Heap before GC invocations=48 (full 0):
 garbage-first heap   total 198656K, used 171192K [0x0000000080000000, 0x0000000100000000)
  region size 1024K, 58 young (59392K), 5 survivors (5120K)
 Metaspace       used 117489K, committed 119680K, reserved 1179648K
  class space    used 15864K, committed 16960K, reserved 1048576K
}
Event: 23.387 GC heap after
{Heap after GC invocations=49 (full 0):
 garbage-first heap   total 198656K, used 121603K [0x0000000080000000, 0x0000000100000000)
  region size 1024K, 6 young (6144K), 6 survivors (6144K)
 Metaspace       used 117489K, committed 119680K, reserved 1179648K
  class space    used 15864K, committed 16960K, reserved 1048576K
}
Event: 25.035 GC heap before
{Heap before GC invocations=49 (full 0):
 garbage-first heap   total 198656K, used 194307K [0x0000000080000000, 0x0000000100000000)
  region size 1024K, 64 young (65536K), 6 survivors (6144K)
 Metaspace       used 120489K, committed 122752K, reserved 1179648K
  class space    used 16277K, committed 17408K, reserved 1048576K
}
Event: 25.054 GC heap after
{Heap after GC invocations=50 (full 0):
 garbage-first heap   total 209920K, used 140920K [0x0000000080000000, 0x0000000100000000)
  region size 1024K, 8 young (8192K), 8 survivors (8192K)
 Metaspace       used 120489K, committed 122752K, reserved 1179648K
  class space    used 16277K, committed 17408K, reserved 1048576K
}
Event: 25.270 GC heap before
{Heap before GC invocations=50 (full 0):
 garbage-first heap   total 209920K, used 150136K [0x0000000080000000, 0x0000000100000000)
  region size 1024K, 19 young (19456K), 8 survivors (8192K)
 Metaspace       used 121741K, committed 124032K, reserved 1179648K
  class space    used 16444K, committed 17600K, reserved 1048576K
}
Event: 25.280 GC heap after
{Heap after GC invocations=51 (full 0):
 garbage-first heap   total 209920K, used 143135K [0x0000000080000000, 0x0000000100000000)
  region size 1024K, 2 young (2048K), 2 survivors (2048K)
 Metaspace       used 121741K, committed 124032K, reserved 1179648K
  class space    used 16444K, committed 17600K, reserved 1048576K
}
Event: 25.674 GC heap before
{Heap before GC invocations=52 (full 0):
 garbage-first heap   total 299008K, used 227103K [0x0000000080000000, 0x0000000100000000)
  region size 1024K, 49 young (50176K), 2 survivors (2048K)
 Metaspace       used 122070K, committed 124288K, reserved 1179648K
  class space    used 16486K, committed 17600K, reserved 1048576K
}
Event: 25.724 GC heap after
{Heap after GC invocations=53 (full 0):
 garbage-first heap   total 299008K, used 175656K [0x0000000080000000, 0x0000000100000000)
  region size 1024K, 7 young (7168K), 7 survivors (7168K)
 Metaspace       used 122070K, committed 124288K, reserved 1179648K
  class space    used 16486K, committed 17600K, reserved 1048576K
}
Event: 26.432 GC heap before
{Heap before GC invocations=53 (full 0):
 garbage-first heap   total 299008K, used 260648K [0x0000000080000000, 0x0000000100000000)
  region size 1024K, 90 young (92160K), 7 survivors (7168K)
 Metaspace       used 124891K, committed 127104K, reserved 1179648K
  class space    used 17071K, committed 18176K, reserved 1048576K
}
Event: 26.483 GC heap after
{Heap after GC invocations=54 (full 0):
 garbage-first heap   total 304128K, used 208521K [0x0000000080000000, 0x0000000100000000)
  region size 1024K, 12 young (12288K), 12 survivors (12288K)
 Metaspace       used 124891K, committed 127104K, reserved 1179648K
  class space    used 17071K, committed 18176K, reserved 1048576K
}
Event: 26.635 GC heap before
{Heap before GC invocations=54 (full 0):
 garbage-first heap   total 304128K, used 262793K [0x0000000080000000, 0x0000000100000000)
  region size 1024K, 66 young (67584K), 12 survivors (12288K)
 Metaspace       used 124953K, committed 127168K, reserved 1179648K
  class space    used 17078K, committed 18176K, reserved 1048576K
}
Event: 26.668 GC heap after
{Heap after GC invocations=55 (full 0):
 garbage-first heap   total 306176K, used 238080K [0x0000000080000000, 0x0000000100000000)
  region size 1024K, 9 young (9216K), 9 survivors (9216K)
 Metaspace       used 124953K, committed 127168K, reserved 1179648K
  class space    used 17078K, committed 18176K, reserved 1048576K
}
Event: 27.587 GC heap before
{Heap before GC invocations=56 (full 0):
 garbage-first heap   total 398336K, used 269824K [0x0000000080000000, 0x0000000100000000)
  region size 1024K, 41 young (41984K), 9 survivors (9216K)
 Metaspace       used 125861K, committed 128128K, reserved 1179648K
  class space    used 17210K, committed 18304K, reserved 1048576K
}
Event: 27.613 GC heap after
{Heap after GC invocations=57 (full 0):
 garbage-first heap   total 398336K, used 251904K [0x0000000080000000, 0x0000000100000000)
  region size 1024K, 6 young (6144K), 6 survivors (6144K)
 Metaspace       used 125861K, committed 128128K, reserved 1179648K
  class space    used 17210K, committed 18304K, reserved 1048576K
}
Event: 28.663 GC heap before
{Heap before GC invocations=57 (full 0):
 garbage-first heap   total 398336K, used 321536K [0x0000000080000000, 0x0000000100000000)
  region size 1024K, 75 young (76800K), 6 survivors (6144K)
 Metaspace       used 130155K, committed 132416K, reserved 1179648K
  class space    used 17778K, committed 18880K, reserved 1048576K
}

